<?xml version='1.0' encoding='UTF-8'?>
<testsuite hostname="LAPTOP-QPM4MI3T" name="Class" tests="3" errors="0" failures="0" skipped="0" time="0.055" timestamp="2021-11-11T19:25:57">
          <properties>
[...]
</properties>
          <testcase classname="Class" name="testAirport" time="0.042">
                      
                    </testcase><testcase classname="Class" name="testCounty" time="0.007">
                      
                    </testcase><testcase classname="Class" name="testRunway" time="0.006">
                      
                    </testcase>
          <system-out><![CDATA[]]></system-out>
          <system-err><![CDATA[]]></system-err>
        </testsuite>