<?xml version='1.0' encoding='UTF-8'?>
<testsuite hostname="LAPTOP-QPM4MI3T" name="API" tests="11" errors="0" failures="1" skipped="0" time="0.169" timestamp="2021-11-11T19:25:43">
          <properties>
[...]
</properties>
          <testcase classname="API" name="testGetAirportsInCountry" time="0.08">
                      
                    </testcase><testcase classname="API" name="testConvertFileToAirports" time="0.015">
                      <failure message="src\test\data\testAirport.csv (Le fichier spécifié est introuvable)" type="java.io.FileNotFoundException">java.io.FileNotFoundException: src\test\data\testAirport.csv (Le fichier spécifié est introuvable)
	at java.base/java.io.FileInputStream.open0(Native Method)
	at java.base/java.io.FileInputStream.open(FileInputStream.java:216)
	at java.base/java.io.FileInputStream.&lt;init&gt;(FileInputStream.java:157)
	at scala.io.Source$.fromFile(Source.scala:94)
	at scala.io.Source$.fromFile(Source.scala:79)
	at scala.io.Source$.fromFile(Source.scala:57)
	at scala.io.Source$.fromFile(Source.scala:63)
	at Utils.API$.convertFileToAirports(API.scala:11)
	at API.$anonfun$new$2(API.scala:82)
	at org.scalatest.OutcomeOf.outcomeOf(OutcomeOf.scala:85)
	at org.scalatest.OutcomeOf.outcomeOf$(OutcomeOf.scala:83)
	at org.scalatest.OutcomeOf$.outcomeOf(OutcomeOf.scala:104)
	at org.scalatest.Transformer.apply(Transformer.scala:22)
	at org.scalatest.Transformer.apply(Transformer.scala:20)
	at org.scalatest.funsuite.AnyFunSuiteLike$$anon$1.apply(AnyFunSuiteLike.scala:189)
	at org.scalatest.TestSuite.withFixture(TestSuite.scala:196)
	at org.scalatest.TestSuite.withFixture$(TestSuite.scala:195)
	at org.scalatest.funsuite.AnyFunSuite.withFixture(AnyFunSuite.scala:1562)
	at org.scalatest.funsuite.AnyFunSuiteLike.invokeWithFixture$1(AnyFunSuiteLike.scala:187)
	at org.scalatest.funsuite.AnyFunSuiteLike.$anonfun$runTest$1(AnyFunSuiteLike.scala:199)
	at org.scalatest.SuperEngine.runTestImpl(Engine.scala:306)
	at org.scalatest.funsuite.AnyFunSuiteLike.runTest(AnyFunSuiteLike.scala:199)
	at org.scalatest.funsuite.AnyFunSuiteLike.runTest$(AnyFunSuiteLike.scala:181)
	at org.scalatest.funsuite.AnyFunSuite.runTest(AnyFunSuite.scala:1562)
	at org.scalatest.funsuite.AnyFunSuiteLike.$anonfun$runTests$1(AnyFunSuiteLike.scala:232)
	at org.scalatest.SuperEngine.$anonfun$runTestsInBranch$1(Engine.scala:413)
	at scala.collection.immutable.List.foreach(List.scala:333)
	at org.scalatest.SuperEngine.traverseSubNodes$1(Engine.scala:401)
	at org.scalatest.SuperEngine.runTestsInBranch(Engine.scala:396)
	at org.scalatest.SuperEngine.runTestsImpl(Engine.scala:475)
	at org.scalatest.funsuite.AnyFunSuiteLike.runTests(AnyFunSuiteLike.scala:232)
	at org.scalatest.funsuite.AnyFunSuiteLike.runTests$(AnyFunSuiteLike.scala:231)
	at org.scalatest.funsuite.AnyFunSuite.runTests(AnyFunSuite.scala:1562)
	at org.scalatest.Suite.run(Suite.scala:1112)
	at org.scalatest.Suite.run$(Suite.scala:1094)
	at org.scalatest.funsuite.AnyFunSuite.org$scalatest$funsuite$AnyFunSuiteLike$$super$run(AnyFunSuite.scala:1562)
	at org.scalatest.funsuite.AnyFunSuiteLike.$anonfun$run$1(AnyFunSuiteLike.scala:236)
	at org.scalatest.SuperEngine.runImpl(Engine.scala:535)
	at org.scalatest.funsuite.AnyFunSuiteLike.run(AnyFunSuiteLike.scala:236)
	at org.scalatest.funsuite.AnyFunSuiteLike.run$(AnyFunSuiteLike.scala:235)
	at org.scalatest.funsuite.AnyFunSuite.run(AnyFunSuite.scala:1562)
	at org.scalatest.tools.Framework.org$scalatest$tools$Framework$$runSuite(Framework.scala:318)
	at org.scalatest.tools.Framework$ScalaTestTask.execute(Framework.scala:513)
	at sbt.TestRunner.runTest$1(TestFramework.scala:140)
	at sbt.TestRunner.run(TestFramework.scala:155)
	at sbt.TestFramework$$anon$3$$anonfun$$lessinit$greater$1.$anonfun$apply$1(TestFramework.scala:318)
	at sbt.TestFramework$.sbt$TestFramework$$withContextLoader(TestFramework.scala:278)
	at sbt.TestFramework$$anon$3$$anonfun$$lessinit$greater$1.apply(TestFramework.scala:318)
	at sbt.TestFramework$$anon$3$$anonfun$$lessinit$greater$1.apply(TestFramework.scala:318)
	at sbt.TestFunction.apply(TestFramework.scala:330)
	at sbt.Tests$.$anonfun$toTask$1(Tests.scala:435)
	at sbt.std.Transform$$anon$3.$anonfun$apply$2(Transform.scala:46)
	at sbt.std.Transform$$anon$4.work(Transform.scala:68)
	at sbt.Execute.$anonfun$submit$2(Execute.scala:282)
	at sbt.internal.util.ErrorHandling$.wideConvert(ErrorHandling.scala:23)
	at sbt.Execute.work(Execute.scala:291)
	at sbt.Execute.$anonfun$submit$1(Execute.scala:282)
	at sbt.ConcurrentRestrictions$$anon$4.$anonfun$submitValid$1(ConcurrentRestrictions.scala:265)
	at sbt.CompletionService$$anon$2.call(CompletionService.scala:64)
	at java.base/java.util.concurrent.FutureTask.run(FutureTask.java:264)
	at java.base/java.util.concurrent.Executors$RunnableAdapter.call(Executors.java:539)
	at java.base/java.util.concurrent.FutureTask.run(FutureTask.java:264)
	at java.base/java.util.concurrent.ThreadPoolExecutor.runWorker(ThreadPoolExecutor.java:1136)
	at java.base/java.util.concurrent.ThreadPoolExecutor$Worker.run(ThreadPoolExecutor.java:635)
	at java.base/java.lang.Thread.run(Thread.java:833)
</failure>
                    </testcase><testcase classname="API" name="testGetCodeFromName" time="0.009">
                      
                    </testcase><testcase classname="API" name="testConvertFileToCountries" time="0.035">
                      
                    </testcase><testcase classname="API" name="testIsStringCountryCode" time="0.004">
                      
                    </testcase><testcase classname="API" name="testQueryName" time="0.008">
                      
                    </testcase><testcase classname="API" name="testQueryCode" time="0.014">
                      
                    </testcase><testcase classname="API" name="testMyToBoolean" time="0.001">
                      
                    </testcase><testcase classname="API" name="testMyToString" time="0.001">
                      
                    </testcase><testcase classname="API" name="testMyToFloat" time="0.001">
                      
                    </testcase><testcase classname="API" name="testMyToInt" time="0.001">
                      
                    </testcase>
          <system-out><![CDATA[]]></system-out>
          <system-err><![CDATA[]]></system-err>
        </testsuite>